C51 COMPILER V9.01   不用                                                                  10/25/2016 12:59:22 PAGE 1   


C51 COMPILER V9.01, COMPILATION OF MODULE 不用
OBJECT MODULE PLACED IN 不用.OBJ
COMPILER INVOKED BY: F:\c51\C51\BIN\C51.EXE 不用.c BROWSE DEBUG OBJECTEXTEND

line level    source

   1          #include <reg52.h>
   2          void delay(void)
   3          {
   4   1              int     i;
   5   1              for(i=0;i<32000;i++);
   6   1                      
   7   1      }
   8          
   9          
  10          
  11          
  12          
  13          
  14          void main()
  15          {
  16   1              int hzy[15]={252,96,218,242,102,182,190,224,254,230,142};
  17   1              int *a,i;
  18   1              for(i=0;i<15;i++)
  19   1                      {
  20   2                      a=hzy+i;
  21   2                      P0=*a;
  22   2                      delay();
  23   2                      delay();
  24   2                      }
  25   1      }


MODULE INFORMATION:   STATIC OVERLAYABLE
   CODE SIZE        =     84    ----
   CONSTANT SIZE    =     30    ----
   XDATA SIZE       =   ----    ----
   PDATA SIZE       =   ----    ----
   DATA SIZE        =   ----      32
   IDATA SIZE       =   ----    ----
   BIT SIZE         =   ----    ----
END OF MODULE INFORMATION.


C51 COMPILATION COMPLETE.  0 WARNING(S),  0 ERROR(S)
