C51 COMPILER V9.01   从0显示                                                               10/23/2016 17:46:00 PAGE 1   


C51 COMPILER V9.01, COMPILATION OF MODULE 从0显示
OBJECT MODULE PLACED IN 从0显示.OBJ
COMPILER INVOKED BY: F:\c51\C51\BIN\C51.EXE 从0显示.c BROWSE DEBUG OBJECTEXTEND

line level    source

   1          #include <reg52.h>
   2          
   3          void delay(void)
   4          {
   5   1              int i;
   6   1              for(i=0;i<32000;i++);
   7   1      }
   8          
   9          
  10          
  11          
  12          void main()
  13          {
  14   1              int hzy[11]={252,96,218,242,102,182,190,224,254,230,142};
  15   1              int i;
  16   1              for(i=0;i<11;i++)
  17   1      {
  18   2              P0=hzy[i];
  19   2              delay();
  20   2      } 
  21   1      
  22   1      }
  23          


MODULE INFORMATION:   STATIC OVERLAYABLE
   CODE SIZE        =     64    ----
   CONSTANT SIZE    =     22    ----
   XDATA SIZE       =   ----    ----
   PDATA SIZE       =   ----    ----
   DATA SIZE        =   ----      22
   IDATA SIZE       =   ----    ----
   BIT SIZE         =   ----    ----
END OF MODULE INFORMATION.


C51 COMPILATION COMPLETE.  0 WARNING(S),  0 ERROR(S)
